build/app/intermediates/manifest_merge_blame_file/debug/processDebugMainManifest/manifest-merger-blame-debug-report.txt
1<?xml version="1.0" encoding="utf-8"?>
2<manifest xmlns:android="http://schemas.android.com/apk/res/android"
3    package="com.example.binpack_residents"
4    android:versionCode="1"
5    android:versionName="1.0" >
6
7    <uses-sdk
8        android:minSdkVersion="23"
9        android:targetSdkVersion="34" />
10    <!--
11         The INTERNET permission is required for development. Specifically,
12         the Flutter tool needs it to communicate with the running application
13         to allow setting breakpoints, to provide hot reload, etc.
14    -->
15    <uses-permission android:name="android.permission.INTERNET" />
15-->src/debug/AndroidManifest.xml:6:5-66
15-->src/debug/AndroidManifest.xml:6:22-64
16    <!--
17     Required to query activities that can process text, see:
18         https://developer.android.com/training/package-visibility and
19         https://developer.android.com/reference/android/content/Intent#ACTION_PROCESS_TEXT.
20
21         In particular, this is used by the Flutter engine in io.flutter.plugin.text.ProcessTextPlugin.
22    -->
23    <queries>
23-->src/main/AndroidManifest.xml:39:5-44:15
24        <intent>
24-->src/main/AndroidManifest.xml:40:9-43:18
25            <action android:name="android.intent.action.PROCESS_TEXT" />
25-->src/main/AndroidManifest.xml:41:13-72
25-->src/main/AndroidManifest.xml:41:21-70
26
27            <data android:mimeType="text/plain" />
27-->src/main/AndroidManifest.xml:42:13-50
27-->src/main/AndroidManifest.xml:42:19-48
28        </intent>
29        <intent>
29-->[:file_picker] AndroidManifest.xml:8:9-12:18
30            <action android:name="android.intent.action.GET_CONTENT" />
30-->[:file_picker] AndroidManifest.xml:9:13-72
30-->[:file_picker] AndroidManifest.xml:9:21-69
31
32            <data android:mimeType="*/*" />
32-->src/main/AndroidManifest.xml:42:13-50
32-->src/main/AndroidManifest.xml:42:19-48
33        </intent> <!-- Needs to be explicitly declared on Android R+ -->
34        <package android:name="com.google.android.apps.maps" />
34-->[com.google.android.gms:play-services-maps:18.2.0] AndroidManifest.xml:33:9-64
34-->[com.google.android.gms:play-services-maps:18.2.0] AndroidManifest.xml:33:18-61
35    </queries>
36
37    <uses-permission android:name="android.permission.ACCESS_COARSE_LOCATION" />
37-->[:location] AndroidManifest.xml:7:5-81
37-->[:location] AndroidManifest.xml:7:22-78
38    <uses-permission android:name="android.permission.ACCESS_FINE_LOCATION" />
38-->[:location] AndroidManifest.xml:8:5-79
38-->[:location] AndroidManifest.xml:8:22-76
39    <uses-permission android:name="android.permission.CAMERA" />
39-->[:mobile_scanner] AndroidManifest.xml:7:5-65
39-->[:mobile_scanner] AndroidManifest.xml:7:22-62
40
41    <uses-feature
41-->[:mobile_scanner] AndroidManifest.xml:9:5-11:36
42        android:name="android.hardware.camera"
42-->[:mobile_scanner] AndroidManifest.xml:10:9-47
43        android:required="false" />
43-->[:mobile_scanner] AndroidManifest.xml:11:9-33
44
45    <uses-permission android:name="android.permission.WAKE_LOCK" />
45-->[:firebase_messaging] AndroidManifest.xml:8:5-68
45-->[:firebase_messaging] AndroidManifest.xml:8:22-65
46    <uses-permission android:name="android.permission.ACCESS_NETWORK_STATE" /> <!-- Permissions options for the `notification` group -->
46-->[:firebase_messaging] AndroidManifest.xml:9:5-79
46-->[:firebase_messaging] AndroidManifest.xml:9:22-76
47    <uses-permission android:name="android.permission.POST_NOTIFICATIONS" /> <!-- Required by older versions of Google Play services to create IID tokens -->
47-->[:firebase_messaging] AndroidManifest.xml:11:5-77
47-->[:firebase_messaging] AndroidManifest.xml:11:22-74
48    <uses-permission android:name="com.google.android.c2dm.permission.RECEIVE" />
48-->[com.google.firebase:firebase-messaging:24.1.0] AndroidManifest.xml:26:5-82
48-->[com.google.firebase:firebase-messaging:24.1.0] AndroidManifest.xml:26:22-79
49    <uses-permission android:name="android.permission.VIBRATE" />
49-->[:flutter_local_notifications] AndroidManifest.xml:7:5-66
49-->[:flutter_local_notifications] AndroidManifest.xml:7:22-63
50    <uses-permission android:name="android.permission.USE_BIOMETRIC" /> <!-- suppress DeprecatedClassUsageInspection -->
50-->[:local_auth_android] AndroidManifest.xml:7:5-72
50-->[:local_auth_android] AndroidManifest.xml:7:22-69
51    <uses-permission android:name="android.permission.USE_FINGERPRINT" />
51-->[androidx.biometric:biometric:1.1.0] AndroidManifest.xml:27:5-74
51-->[androidx.biometric:biometric:1.1.0] AndroidManifest.xml:27:22-71
52
53    <uses-feature
53-->[com.google.android.gms:play-services-maps:18.2.0] AndroidManifest.xml:26:5-28:35
54        android:glEsVersion="0x00020000"
54-->[com.google.android.gms:play-services-maps:18.2.0] AndroidManifest.xml:27:9-41
55        android:required="true" />
55-->[com.google.android.gms:play-services-maps:18.2.0] AndroidManifest.xml:28:9-32
56
57    <uses-permission android:name="com.google.android.finsky.permission.BIND_GET_INSTALL_REFERRER_SERVICE" />
57-->[com.google.android.gms:play-services-measurement:22.2.0] AndroidManifest.xml:26:5-110
57-->[com.google.android.gms:play-services-measurement:22.2.0] AndroidManifest.xml:26:22-107
58    <uses-permission android:name="com.google.android.gms.permission.AD_ID" />
58-->[com.google.android.gms:play-services-measurement-impl:22.2.0] AndroidManifest.xml:27:5-79
58-->[com.google.android.gms:play-services-measurement-impl:22.2.0] AndroidManifest.xml:27:22-76
59    <uses-permission android:name="android.permission.ACCESS_ADSERVICES_ATTRIBUTION" />
59-->[com.google.android.gms:play-services-measurement-api:22.2.0] AndroidManifest.xml:26:5-88
59-->[com.google.android.gms:play-services-measurement-api:22.2.0] AndroidManifest.xml:26:22-85
60    <uses-permission android:name="android.permission.ACCESS_ADSERVICES_AD_ID" />
60-->[com.google.android.gms:play-services-measurement-api:22.2.0] AndroidManifest.xml:27:5-82
60-->[com.google.android.gms:play-services-measurement-api:22.2.0] AndroidManifest.xml:27:22-79
61    <uses-permission android:name="com.google.android.providers.gsf.permission.READ_GSERVICES" />
61-->[com.google.android.recaptcha:recaptcha:18.6.1] AndroidManifest.xml:9:5-98
61-->[com.google.android.recaptcha:recaptcha:18.6.1] AndroidManifest.xml:9:22-95
62
63    <permission
63-->[androidx.core:core:1.13.1] AndroidManifest.xml:22:5-24:47
64        android:name="com.example.binpack_residents.DYNAMIC_RECEIVER_NOT_EXPORTED_PERMISSION"
64-->[androidx.core:core:1.13.1] AndroidManifest.xml:23:9-81
65        android:protectionLevel="signature" />
65-->[androidx.core:core:1.13.1] AndroidManifest.xml:24:9-44
66
67    <uses-permission android:name="com.example.binpack_residents.DYNAMIC_RECEIVER_NOT_EXPORTED_PERMISSION" />
67-->[androidx.core:core:1.13.1] AndroidManifest.xml:26:5-97
67-->[androidx.core:core:1.13.1] AndroidManifest.xml:26:22-94
68
69    <application
70        android:name="android.app.Application"
71        android:appComponentFactory="androidx.core.app.CoreComponentFactory"
71-->[androidx.core:core:1.13.1] AndroidManifest.xml:28:18-86
72        android:debuggable="true"
73        android:extractNativeLibs="false"
74        android:icon="@mipmap/ic_launcher"
75        android:label="binpack_residents" >
76        <activity
77            android:name="com.example.binpack_residents.MainActivity"
78            android:configChanges="orientation|keyboardHidden|keyboard|screenSize|smallestScreenSize|locale|layoutDirection|fontScale|screenLayout|density|uiMode"
79            android:exported="true"
80            android:hardwareAccelerated="true"
81            android:launchMode="singleTop"
82            android:taskAffinity=""
83            android:theme="@style/LaunchTheme"
84            android:windowSoftInputMode="adjustResize" >
85
86            <!--
87                 Specifies an Android theme to apply to this Activity as soon as
88                 the Android process has started. This theme is visible to the user
89                 while the Flutter UI initializes. After that, this theme continues
90                 to determine the Window background behind the Flutter UI.
91            -->
92            <meta-data
93                android:name="io.flutter.embedding.android.NormalTheme"
94                android:resource="@style/NormalTheme" />
95
96            <intent-filter>
97                <action android:name="android.intent.action.MAIN" />
98
99                <category android:name="android.intent.category.LAUNCHER" />
100            </intent-filter>
101        </activity>
102        <!--
103             Don't delete the meta-data below.
104             This is used by the Flutter tool to generate GeneratedPluginRegistrant.java
105        -->
106        <meta-data
107            android:name="flutterEmbedding"
108            android:value="2" />
109
110        <service
110-->[:location] AndroidManifest.xml:11:9-15:56
111            android:name="com.lyokone.location.FlutterLocationService"
111-->[:location] AndroidManifest.xml:12:13-71
112            android:enabled="true"
112-->[:location] AndroidManifest.xml:13:13-35
113            android:exported="false"
113-->[:location] AndroidManifest.xml:14:13-37
114            android:foregroundServiceType="location" />
114-->[:location] AndroidManifest.xml:15:13-53
115        <service
115-->[:cloud_firestore] AndroidManifest.xml:8:9-12:19
116            android:name="com.google.firebase.components.ComponentDiscoveryService"
116-->[:cloud_firestore] AndroidManifest.xml:8:18-89
117            android:directBootAware="true"
117-->[com.google.firebase:firebase-common:21.0.0] AndroidManifest.xml:32:13-43
118            android:exported="false" >
118-->[com.google.firebase:firebase-storage:21.0.1] AndroidManifest.xml:29:13-37
119            <meta-data
119-->[:cloud_firestore] AndroidManifest.xml:9:13-11:85
120                android:name="com.google.firebase.components:io.flutter.plugins.firebase.firestore.FlutterFirebaseFirestoreRegistrar"
120-->[:cloud_firestore] AndroidManifest.xml:10:17-134
121                android:value="com.google.firebase.components.ComponentRegistrar" />
121-->[:cloud_firestore] AndroidManifest.xml:11:17-82
122            <meta-data
122-->[:firebase_auth] AndroidManifest.xml:9:13-11:85
123                android:name="com.google.firebase.components:io.flutter.plugins.firebase.auth.FlutterFirebaseAuthRegistrar"
123-->[:firebase_auth] AndroidManifest.xml:10:17-124
124                android:value="com.google.firebase.components.ComponentRegistrar" />
124-->[:firebase_auth] AndroidManifest.xml:11:17-82
125            <meta-data
125-->[:firebase_messaging] AndroidManifest.xml:36:13-38:85
126                android:name="com.google.firebase.components:io.flutter.plugins.firebase.messaging.FlutterFirebaseAppRegistrar"
126-->[:firebase_messaging] AndroidManifest.xml:37:17-128
127                android:value="com.google.firebase.components.ComponentRegistrar" />
127-->[:firebase_messaging] AndroidManifest.xml:38:17-82
128            <meta-data
128-->[:firebase_storage] AndroidManifest.xml:9:13-11:85
129                android:name="com.google.firebase.components:io.flutter.plugins.firebase.storage.FlutterFirebaseAppRegistrar"
129-->[:firebase_storage] AndroidManifest.xml:10:17-126
130                android:value="com.google.firebase.components.ComponentRegistrar" />
130-->[:firebase_storage] AndroidManifest.xml:11:17-82
131            <meta-data
131-->[:firebase_core] AndroidManifest.xml:9:13-11:85
132                android:name="com.google.firebase.components:io.flutter.plugins.firebase.core.FlutterFirebaseCoreRegistrar"
132-->[:firebase_core] AndroidManifest.xml:10:17-124
133                android:value="com.google.firebase.components.ComponentRegistrar" />
133-->[:firebase_core] AndroidManifest.xml:11:17-82
134            <meta-data
134-->[com.google.firebase:firebase-storage:21.0.1] AndroidManifest.xml:30:13-32:85
135                android:name="com.google.firebase.components:com.google.firebase.storage.FirebaseStorageKtxRegistrar"
135-->[com.google.firebase:firebase-storage:21.0.1] AndroidManifest.xml:31:17-118
136                android:value="com.google.firebase.components.ComponentRegistrar" />
136-->[com.google.firebase:firebase-storage:21.0.1] AndroidManifest.xml:32:17-82
137            <meta-data
137-->[com.google.firebase:firebase-storage:21.0.1] AndroidManifest.xml:33:13-35:85
138                android:name="com.google.firebase.components:com.google.firebase.storage.StorageRegistrar"
138-->[com.google.firebase:firebase-storage:21.0.1] AndroidManifest.xml:34:17-107
139                android:value="com.google.firebase.components.ComponentRegistrar" />
139-->[com.google.firebase:firebase-storage:21.0.1] AndroidManifest.xml:35:17-82
140            <meta-data
140-->[com.google.firebase:firebase-appcheck:18.0.0] AndroidManifest.xml:25:13-27:85
141                android:name="com.google.firebase.components:com.google.firebase.appcheck.FirebaseAppCheckKtxRegistrar"
141-->[com.google.firebase:firebase-appcheck:18.0.0] AndroidManifest.xml:26:17-120
142                android:value="com.google.firebase.components.ComponentRegistrar" />
142-->[com.google.firebase:firebase-appcheck:18.0.0] AndroidManifest.xml:27:17-82
143            <meta-data
143-->[com.google.firebase:firebase-appcheck:18.0.0] AndroidManifest.xml:28:13-30:85
144                android:name="com.google.firebase.components:com.google.firebase.appcheck.FirebaseAppCheckRegistrar"
144-->[com.google.firebase:firebase-appcheck:18.0.0] AndroidManifest.xml:29:17-117
145                android:value="com.google.firebase.components.ComponentRegistrar" />
145-->[com.google.firebase:firebase-appcheck:18.0.0] AndroidManifest.xml:30:17-82
146            <meta-data
146-->[com.google.firebase:firebase-auth:23.2.0] AndroidManifest.xml:69:13-71:85
147                android:name="com.google.firebase.components:com.google.firebase.auth.FirebaseAuthRegistrar"
147-->[com.google.firebase:firebase-auth:23.2.0] AndroidManifest.xml:70:17-109
148                android:value="com.google.firebase.components.ComponentRegistrar" />
148-->[com.google.firebase:firebase-auth:23.2.0] AndroidManifest.xml:71:17-82
149            <meta-data
149-->[com.google.firebase:firebase-perf:21.0.4] AndroidManifest.xml:14:13-16:85
150                android:name="com.google.firebase.components:com.google.firebase.perf.FirebasePerfKtxRegistrar"
150-->[com.google.firebase:firebase-perf:21.0.4] AndroidManifest.xml:15:17-112
151                android:value="com.google.firebase.components.ComponentRegistrar" />
151-->[com.google.firebase:firebase-perf:21.0.4] AndroidManifest.xml:16:17-82
152            <meta-data
152-->[com.google.firebase:firebase-perf:21.0.4] AndroidManifest.xml:17:13-19:85
153                android:name="com.google.firebase.components:com.google.firebase.perf.FirebasePerfRegistrar"
153-->[com.google.firebase:firebase-perf:21.0.4] AndroidManifest.xml:18:17-109
154                android:value="com.google.firebase.components.ComponentRegistrar" />
154-->[com.google.firebase:firebase-perf:21.0.4] AndroidManifest.xml:19:17-82
155            <meta-data
155-->[com.google.firebase:firebase-config:22.1.0] AndroidManifest.xml:29:13-31:85
156                android:name="com.google.firebase.components:com.google.firebase.remoteconfig.FirebaseRemoteConfigKtxRegistrar"
156-->[com.google.firebase:firebase-config:22.1.0] AndroidManifest.xml:30:17-128
157                android:value="com.google.firebase.components.ComponentRegistrar" />
157-->[com.google.firebase:firebase-config:22.1.0] AndroidManifest.xml:31:17-82
158            <meta-data
158-->[com.google.firebase:firebase-config:22.1.0] AndroidManifest.xml:32:13-34:85
159                android:name="com.google.firebase.components:com.google.firebase.remoteconfig.RemoteConfigRegistrar"
159-->[com.google.firebase:firebase-config:22.1.0] AndroidManifest.xml:33:17-117
160                android:value="com.google.firebase.components.ComponentRegistrar" />
160-->[com.google.firebase:firebase-config:22.1.0] AndroidManifest.xml:34:17-82
161            <meta-data
161-->[com.google.firebase:firebase-firestore:25.1.2] AndroidManifest.xml:17:13-19:85
162                android:name="com.google.firebase.components:com.google.firebase.firestore.FirebaseFirestoreKtxRegistrar"
162-->[com.google.firebase:firebase-firestore:25.1.2] AndroidManifest.xml:18:17-122
163                android:value="com.google.firebase.components.ComponentRegistrar" />
163-->[com.google.firebase:firebase-firestore:25.1.2] AndroidManifest.xml:19:17-82
164            <meta-data
164-->[com.google.firebase:firebase-firestore:25.1.2] AndroidManifest.xml:20:13-22:85
165                android:name="com.google.firebase.components:com.google.firebase.firestore.FirestoreRegistrar"
165-->[com.google.firebase:firebase-firestore:25.1.2] AndroidManifest.xml:21:17-111
166                android:value="com.google.firebase.components.ComponentRegistrar" />
166-->[com.google.firebase:firebase-firestore:25.1.2] AndroidManifest.xml:22:17-82
167            <meta-data
167-->[com.google.firebase:firebase-functions:21.1.0] AndroidManifest.xml:15:13-17:85
168                android:name="com.google.firebase.components:com.google.firebase.functions.FirebaseFunctionsKtxRegistrar"
168-->[com.google.firebase:firebase-functions:21.1.0] AndroidManifest.xml:16:17-122
169                android:value="com.google.firebase.components.ComponentRegistrar" />
169-->[com.google.firebase:firebase-functions:21.1.0] AndroidManifest.xml:17:17-82
170            <meta-data
170-->[com.google.firebase:firebase-functions:21.1.0] AndroidManifest.xml:18:13-20:85
171                android:name="com.google.firebase.components:com.google.firebase.functions.FunctionsRegistrar"
171-->[com.google.firebase:firebase-functions:21.1.0] AndroidManifest.xml:19:17-111
172                android:value="com.google.firebase.components.ComponentRegistrar" />
172-->[com.google.firebase:firebase-functions:21.1.0] AndroidManifest.xml:20:17-82
173            <meta-data
173-->[com.google.firebase:firebase-messaging:24.1.0] AndroidManifest.xml:57:13-59:85
174                android:name="com.google.firebase.components:com.google.firebase.messaging.FirebaseMessagingKtxRegistrar"
174-->[com.google.firebase:firebase-messaging:24.1.0] AndroidManifest.xml:58:17-122
175                android:value="com.google.firebase.components.ComponentRegistrar" />
175-->[com.google.firebase:firebase-messaging:24.1.0] AndroidManifest.xml:59:17-82
176            <meta-data
176-->[com.google.firebase:firebase-messaging:24.1.0] AndroidManifest.xml:60:13-62:85
177                android:name="com.google.firebase.components:com.google.firebase.messaging.FirebaseMessagingRegistrar"
177-->[com.google.firebase:firebase-messaging:24.1.0] AndroidManifest.xml:61:17-119
178                android:value="com.google.firebase.components.ComponentRegistrar" />
178-->[com.google.firebase:firebase-messaging:24.1.0] AndroidManifest.xml:62:17-82
179            <meta-data
179-->[com.google.android.gms:play-services-measurement-api:22.2.0] AndroidManifest.xml:33:13-35:85
180                android:name="com.google.firebase.components:com.google.firebase.analytics.connector.internal.AnalyticsConnectorRegistrar"
180-->[com.google.android.gms:play-services-measurement-api:22.2.0] AndroidManifest.xml:34:17-139
181                android:value="com.google.firebase.components.ComponentRegistrar" />
181-->[com.google.android.gms:play-services-measurement-api:22.2.0] AndroidManifest.xml:35:17-82
182            <meta-data
182-->[com.google.firebase:firebase-iid:21.1.0] AndroidManifest.xml:32:13-34:85
183                android:name="com.google.firebase.components:com.google.firebase.iid.Registrar"
183-->[com.google.firebase:firebase-iid:21.1.0] AndroidManifest.xml:33:17-96
184                android:value="com.google.firebase.components.ComponentRegistrar" />
184-->[com.google.firebase:firebase-iid:21.1.0] AndroidManifest.xml:34:17-82
185            <meta-data
185-->[com.google.firebase:firebase-sessions:2.0.7] AndroidManifest.xml:29:13-31:85
186                android:name="com.google.firebase.components:com.google.firebase.sessions.FirebaseSessionsRegistrar"
186-->[com.google.firebase:firebase-sessions:2.0.7] AndroidManifest.xml:30:17-117
187                android:value="com.google.firebase.components.ComponentRegistrar" />
187-->[com.google.firebase:firebase-sessions:2.0.7] AndroidManifest.xml:31:17-82
188            <meta-data
188-->[com.google.firebase:firebase-installations:18.0.0] AndroidManifest.xml:15:13-17:85
189                android:name="com.google.firebase.components:com.google.firebase.installations.FirebaseInstallationsKtxRegistrar"
189-->[com.google.firebase:firebase-installations:18.0.0] AndroidManifest.xml:16:17-130
190                android:value="com.google.firebase.components.ComponentRegistrar" />
190-->[com.google.firebase:firebase-installations:18.0.0] AndroidManifest.xml:17:17-82
191            <meta-data
191-->[com.google.firebase:firebase-installations:18.0.0] AndroidManifest.xml:18:13-20:85
192                android:name="com.google.firebase.components:com.google.firebase.installations.FirebaseInstallationsRegistrar"
192-->[com.google.firebase:firebase-installations:18.0.0] AndroidManifest.xml:19:17-127
193                android:value="com.google.firebase.components.ComponentRegistrar" />
193-->[com.google.firebase:firebase-installations:18.0.0] AndroidManifest.xml:20:17-82
194            <meta-data
194-->[com.google.firebase:firebase-common-ktx:21.0.0] AndroidManifest.xml:12:13-14:85
195                android:name="com.google.firebase.components:com.google.firebase.ktx.FirebaseCommonLegacyRegistrar"
195-->[com.google.firebase:firebase-common-ktx:21.0.0] AndroidManifest.xml:13:17-116
196                android:value="com.google.firebase.components.ComponentRegistrar" />
196-->[com.google.firebase:firebase-common-ktx:21.0.0] AndroidManifest.xml:14:17-82
197            <meta-data
197-->[com.google.firebase:firebase-common:21.0.0] AndroidManifest.xml:35:13-37:85
198                android:name="com.google.firebase.components:com.google.firebase.FirebaseCommonKtxRegistrar"
198-->[com.google.firebase:firebase-common:21.0.0] AndroidManifest.xml:36:17-109
199                android:value="com.google.firebase.components.ComponentRegistrar" />
199-->[com.google.firebase:firebase-common:21.0.0] AndroidManifest.xml:37:17-82
200            <meta-data
200-->[com.google.firebase:firebase-abt:21.1.1] AndroidManifest.xml:12:13-14:85
201                android:name="com.google.firebase.components:com.google.firebase.abt.component.AbtRegistrar"
201-->[com.google.firebase:firebase-abt:21.1.1] AndroidManifest.xml:13:17-109
202                android:value="com.google.firebase.components.ComponentRegistrar" />
202-->[com.google.firebase:firebase-abt:21.1.1] AndroidManifest.xml:14:17-82
203            <meta-data
203-->[com.google.firebase:firebase-datatransport:19.0.0] AndroidManifest.xml:25:13-27:85
204                android:name="com.google.firebase.components:com.google.firebase.datatransport.TransportRegistrar"
204-->[com.google.firebase:firebase-datatransport:19.0.0] AndroidManifest.xml:26:17-115
205                android:value="com.google.firebase.components.ComponentRegistrar" />
205-->[com.google.firebase:firebase-datatransport:19.0.0] AndroidManifest.xml:27:17-82
206        </service>
207        <service
207-->[:firebase_messaging] AndroidManifest.xml:14:9-17:72
208            android:name="io.flutter.plugins.firebase.messaging.FlutterFirebaseMessagingBackgroundService"
208-->[:firebase_messaging] AndroidManifest.xml:15:13-107
209            android:exported="false"
209-->[:firebase_messaging] AndroidManifest.xml:16:13-37
210            android:permission="android.permission.BIND_JOB_SERVICE" />
210-->[:firebase_messaging] AndroidManifest.xml:17:13-69
211        <service
211-->[:firebase_messaging] AndroidManifest.xml:18:9-24:19
212            android:name="io.flutter.plugins.firebase.messaging.FlutterFirebaseMessagingService"
212-->[:firebase_messaging] AndroidManifest.xml:19:13-97
213            android:exported="false" >
213-->[:firebase_messaging] AndroidManifest.xml:20:13-37
214            <intent-filter>
214-->[:firebase_messaging] AndroidManifest.xml:21:13-23:29
215                <action android:name="com.google.firebase.MESSAGING_EVENT" />
215-->[:firebase_messaging] AndroidManifest.xml:22:17-78
215-->[:firebase_messaging] AndroidManifest.xml:22:25-75
216            </intent-filter>
217        </service>
218
219        <receiver
219-->[:firebase_messaging] AndroidManifest.xml:26:9-33:20
220            android:name="io.flutter.plugins.firebase.messaging.FlutterFirebaseMessagingReceiver"
220-->[:firebase_messaging] AndroidManifest.xml:27:13-98
221            android:exported="true"
221-->[:firebase_messaging] AndroidManifest.xml:28:13-36
222            android:permission="com.google.android.c2dm.permission.SEND" >
222-->[:firebase_messaging] AndroidManifest.xml:29:13-73
223            <intent-filter>
223-->[:firebase_messaging] AndroidManifest.xml:30:13-32:29
224                <action android:name="com.google.android.c2dm.intent.RECEIVE" />
224-->[:firebase_messaging] AndroidManifest.xml:31:17-81
224-->[:firebase_messaging] AndroidManifest.xml:31:25-78
225            </intent-filter>
226        </receiver>
227
228        <provider
228-->[:firebase_messaging] AndroidManifest.xml:41:9-45:38
229            android:name="io.flutter.plugins.firebase.messaging.FlutterFirebaseMessagingInitProvider"
229-->[:firebase_messaging] AndroidManifest.xml:42:13-102
230            android:authorities="com.example.binpack_residents.flutterfirebasemessaginginitprovider"
230-->[:firebase_messaging] AndroidManifest.xml:43:13-88
231            android:exported="false"
231-->[:firebase_messaging] AndroidManifest.xml:44:13-37
232            android:initOrder="99" />
232-->[:firebase_messaging] AndroidManifest.xml:45:13-35
233
234        <activity
234-->[com.google.firebase:firebase-auth:23.2.0] AndroidManifest.xml:29:9-46:20
235            android:name="com.google.firebase.auth.internal.GenericIdpActivity"
235-->[com.google.firebase:firebase-auth:23.2.0] AndroidManifest.xml:30:13-80
236            android:excludeFromRecents="true"
236-->[com.google.firebase:firebase-auth:23.2.0] AndroidManifest.xml:31:13-46
237            android:exported="true"
237-->[com.google.firebase:firebase-auth:23.2.0] AndroidManifest.xml:32:13-36
238            android:launchMode="singleTask"
238-->[com.google.firebase:firebase-auth:23.2.0] AndroidManifest.xml:33:13-44
239            android:theme="@android:style/Theme.Translucent.NoTitleBar" >
239-->[com.google.firebase:firebase-auth:23.2.0] AndroidManifest.xml:34:13-72
240            <intent-filter>
240-->[com.google.firebase:firebase-auth:23.2.0] AndroidManifest.xml:35:13-45:29
241                <action android:name="android.intent.action.VIEW" />
241-->[com.google.firebase:firebase-auth:23.2.0] AndroidManifest.xml:36:17-69
241-->[com.google.firebase:firebase-auth:23.2.0] AndroidManifest.xml:36:25-66
242
243                <category android:name="android.intent.category.DEFAULT" />
243-->[com.google.firebase:firebase-auth:23.2.0] AndroidManifest.xml:38:17-76
243-->[com.google.firebase:firebase-auth:23.2.0] AndroidManifest.xml:38:27-73
244                <category android:name="android.intent.category.BROWSABLE" />
244-->[com.google.firebase:firebase-auth:23.2.0] AndroidManifest.xml:39:17-78
244-->[com.google.firebase:firebase-auth:23.2.0] AndroidManifest.xml:39:27-75
245
246                <data
246-->src/main/AndroidManifest.xml:42:13-50
247                    android:host="firebase.auth"
248                    android:path="/"
249                    android:scheme="genericidp" />
250            </intent-filter>
251        </activity>
252        <activity
252-->[com.google.firebase:firebase-auth:23.2.0] AndroidManifest.xml:47:9-64:20
253            android:name="com.google.firebase.auth.internal.RecaptchaActivity"
253-->[com.google.firebase:firebase-auth:23.2.0] AndroidManifest.xml:48:13-79
254            android:excludeFromRecents="true"
254-->[com.google.firebase:firebase-auth:23.2.0] AndroidManifest.xml:49:13-46
255            android:exported="true"
255-->[com.google.firebase:firebase-auth:23.2.0] AndroidManifest.xml:50:13-36
256            android:launchMode="singleTask"
256-->[com.google.firebase:firebase-auth:23.2.0] AndroidManifest.xml:51:13-44
257            android:theme="@android:style/Theme.Translucent.NoTitleBar" >
257-->[com.google.firebase:firebase-auth:23.2.0] AndroidManifest.xml:52:13-72
258            <intent-filter>
258-->[com.google.firebase:firebase-auth:23.2.0] AndroidManifest.xml:53:13-63:29
259                <action android:name="android.intent.action.VIEW" />
259-->[com.google.firebase:firebase-auth:23.2.0] AndroidManifest.xml:36:17-69
259-->[com.google.firebase:firebase-auth:23.2.0] AndroidManifest.xml:36:25-66
260
261                <category android:name="android.intent.category.DEFAULT" />
261-->[com.google.firebase:firebase-auth:23.2.0] AndroidManifest.xml:38:17-76
261-->[com.google.firebase:firebase-auth:23.2.0] AndroidManifest.xml:38:27-73
262                <category android:name="android.intent.category.BROWSABLE" />
262-->[com.google.firebase:firebase-auth:23.2.0] AndroidManifest.xml:39:17-78
262-->[com.google.firebase:firebase-auth:23.2.0] AndroidManifest.xml:39:27-75
263
264                <data
264-->src/main/AndroidManifest.xml:42:13-50
265                    android:host="firebase.auth"
266                    android:path="/"
267                    android:scheme="recaptcha" />
268            </intent-filter>
269        </activity>
270
271        <receiver
271-->[com.google.firebase:firebase-messaging:24.1.0] AndroidManifest.xml:29:9-40:20